<?xml version="1.0" encoding="UTF-8"?>
<!-- Generated by org.testng.reporters.JUnitReportReporter -->
<testsuite hostname="Rashwini_PC" failures="0" tests="1" name="TestClasses.LoginTest" time="17.618" errors="0" timestamp="2025-08-14T07:41:35 IST" skipped="0">
  <testcase classname="TestClasses.LoginTest" name="loginApplication" time="17.618"/>
  <system-out/>
</testsuite> <!-- TestClasses.LoginTest -->
