<?xml version="1.0" encoding="UTF-8"?>
<!-- Generated by org.testng.reporters.JUnitReportReporter -->
<testsuite hostname="Rashwini_PC" failures="0" tests="2" name="TestClasses.CreateCustomerTest" time="29.169" errors="0" timestamp="2025-08-19T08:49:54 IST" skipped="0">
  <testcase classname="TestClasses.CreateCustomerTest" name="createCustomer" time="15.533"/>
  <system-out/>
  <testcase classname="TestClasses.CreateCustomerTest" name="createCustomer" time="13.636"/>
  <system-out/>
</testsuite> <!-- TestClasses.CreateCustomerTest -->
